ada-reference-manual-2005				      <
adonthell-data						      <
afflib-tools						      <
alsa-base						      <
alt-ergo						      <
amap-align						      <
aolserver4-daemon					      <
aolserver4-doc						      <
apg							      <
app-install-data					      <
apport-symptoms						      <
apt-file						      <
apt-xapian-index					      <
asterisk-core-sounds-en					      <
asterisk-moh-opsound-gsm				      <
asterisk-voicemail					      <
asymptote-doc						      <
authbind						      <
avahi-daemon						      <
avahi-utils						      <
avogadro-data						      <
babeltrace						      <
bedtools						      <
bioperl-run						      <
bowtie							      <
brasero							      <
brasero-cdrkit						      <
bwa							      <
cairo-dock-data						      <
castle-game-engine-doc					      <
chromium-browser-l10n					      <
click							      <
click-apparmor						      <
clustalw						      <
cmocka-doc						      <
context-modules						      <
coqide							      <
cpu-checker						      <
crafty-books-medtosmall					      <
crash							      <
csound							      <
csound-utils						      <
cups-browsed						      <
cups-pk-helper						      <
cw							      <
dahdi-dkms						      <
dbus-java-bin						      <
devhelp							      <
dia-shapes						      <
dialign							      <
dialog							      <
docutils-doc						      <
dpkg-repack						      <
dssi-utils						      <
eject							      <
elks-libc						      <
emboss							      <
emboss-data						      <
ethtool							      <
evolution-data-server-online-accounts			      <
evolution-indicator					      <
exonerate						      <
extra-xdg-menus						      <
fairymax						      <
fcitx							      <
fcitx-config-common					      <
fcitx-config-gtk					      <
fcitx-data						      <
fcitx-frontend-all					      <
fcitx-frontend-gtk2:amd64				      <
fcitx-frontend-gtk3:amd64				      <
fcitx-frontend-qt4:amd64				      <
fcitx-module-dbus					      <
fcitx-module-kimpanel					      <
fcitx-module-lua					      <
fcitx-module-x11					      <
fcitx-modules						      <
fcitx-ui-classic					      <
festlex-cmu						      <
festlex-poslex						      <
festvox-kallpc16k					      <
ffmsindex						      <
firefox-locale-bg					      <
fltk1.3-doc						      <
fonts-gfs-bodoni-classic				      <
fonts-gfs-didot-classic					      <
fonts-gfs-gazis						      <
fonts-gfs-theokritos					      <
fonttools-eexecop					      <
foomatic-db-compressed-ppds				      <
fortunes-min						      <
fp-units-multimedia-2.6.2				      <
fpc							      <
fpc-2.6.2						      <
freedm							      <
freeglut3-dev:amd64					      <
freepats						      <
freespacenotifier					      <
fso-sounds-yue-base					      <
ganglia-monitor						      <
gap-doc							      <
gap-prim-groups						      <
gap-small-groups					      <
gap-trans-groups					      <
gdal-bin						      <
gdb-minimal						      <
gdisk							      <
gem							      <
gem-doc							      <
gem-extra						      <
gem-plugin-gmerlin					      <
gem-plugin-lqt						      <
gem-plugin-magick					      <
gem-plugin-v4l2						      <
gfortran-mingw-w64					      <
gfortran-mingw-w64-i686					      <
gfortran-mingw-w64-x86-64				      <
gkbd-capplet						      <
gnat-gps						      <
gnat-gps-common						      <
gnat-gps-doc						      <
gnat-mingw-w64						      <
gnat-mingw-w64-base					      <
gnat-mingw-w64-i686					      <
gnat-mingw-w64-x86-64					      <
gnome-control-center-shared-data			      <
gnome-do-plugins					      <
gnome-icon-theme-symbolic				      <
gnome-menus						      <
gnome-user-guide					      <
gnome-user-share					      <
gnuchess-book						      <
gnustep-base-doc					      <
gnustep-core-doc					      <
gnustep-gui-doc						      <
gnustep-make-doc					      <
gprbuild-doc						      <
gpsbabel-doc						      <
gputils-doc						      <
gstreamer0.10-pulseaudio:amd64				      <
gstreamer1.0-pulseaudio:amd64				      <
gtk2-engines:amd64					      <
heroes-common						      <
heroes-sdl						      <
heroes-sound-effects					      <
heroes-sound-tracks					      <
hmmer							      <
hud							      <
ibus-gtk3:amd64						      <
ibus-gtk:amd64						      <
ice35-services						      <
icebox							      <
icedtea-6-jre-cacao:amd64				      <
icedtea-6-jre-jamvm:amd64				      <
im-config						      <
indicator-applet					      <
indicator-bluetooth					      <
indicator-datetime					      <
indicator-keyboard					      <
indicator-messages					      <
indicator-power						      <
indicator-sound						      <
infernal						      <
intel-microcode						      <
ipython-qtconsole					      <
iselect							      <
iw							      <
javascript-common					      <
jetty							      <
josm-l10n						      <
josm-plugins						      <
jsvc							      <
kalign							      <
kde-wallpapers-default					      <
kde-window-manager					      <
kde-window-manager-common				      <
kde-workspace						      <
keychain						      <
kinfocenter						      <
klipper							      <
kmenuedit						      <
ko.tex-extra-hlfont					      <
kopete							      <
kopete-message-indicator				      <
ksysguard						      <
ksysguardd						      <
kubuntu-debug-installer					      <
kxterm							      <
kyotocabinet-doc					      <
lam-runtime						      <
lame							      <
lcdproc-extra-drivers					      <
ledit							      <
lhapdf-pdfsets-minimal					      <
libaacs0:amd64						      <
libaccount-plugin-google				      <
libalgorithm-diff-xs-perl				      <
liballegro4.4-plugin-alsa:amd64				      <
libapache2-mod-php5					      <
libapache2-reload-perl					      <
libapreq2-doc						      <
libaqbanking34-plugins					      <
libaqebics0						      <
libaudio-scrobbler-perl					      <
libauthen-passphrase-perl				      <
libautopilot-gtk:amd64					      <
libbabeltrace-ctf1:amd64				      <
libbabeltrace1:amd64					      <
libbatteries-ocaml-doc					      <
libbg1-doc						      <
libbio-perl-run-perl					      <
libblitz-doc						      <
libcache-perl						      <
libcanberra-gtk-module:amd64				      <
libcanberra-gtk3-module:amd64				      <
libcanberra-pulse:amd64					      <
libclass-dbi-abstractsearch-perl			      <
libclutter-1.0-common					      <
libclutter-imcontext-0.1-bin				      <
libcogl-common						      <
libconfig-doc						      <
libcuda1-331						      <
libdate-calc-xs-perl					      <
libdconf-doc						      <
libeina-doc						      <
libemail-send-io-perl					      <
libenet-doc						      <
libenet2a-dbg:amd64					      <
libfile-fcntllock-perl					      <
libfm-modules						      <
libfuse-perl						      <
libg3d-plugins:amd64					      <
libgavl-doc						      <
libgconf2-4:amd64					      <
libgeo-distance-xs-perl					      <
libghc-authenticate-dev					      <
libghc-authenticate-oauth-dev				      <
libghc-curl-dev						      <
libghc-edison-core-dev					      <
libghc-edison-core-prof					      <
libghc-fb-dev						      <
libghc-gluraw-dev					      <
libghc-glut-dev						      <
libghc-gnutls-dev					      <
libghc-haskelldb-hdbc-odbc-dev				      <
libghc-hbro-contrib-doc					      <
libghc-hdbc-postgresql-dev				      <
libghc-http-client-dev					      <
libghc-http-client-tls-dev				      <
libghc-opengl-dev					      <
libghc-openglraw-dev					      <
libghc-postgresql-libpq-dev				      <
libghc-postgresql-simple-dev				      <
libghc-yesod-auth-dev					      <
libghc-yesod-dev					      <
libginac2-dbg						      <
libgl1-mesa-dev						      <
libgle3-dev						      <
libglobus-authz-callout-error-doc			      <
libglobus-callout-doc					      <
libglobus-gram-job-manager-callout-error-doc		      <
libglobus-rsl-doc					      <
libglu1-mesa-dev					      <
libgmerlin-common:amd64					      <
libgnomevfs2-extra:amd64				      <
libgpod-common						      <
libgraph-easy-as-svg-perl				      <
libgravatar-url-perl					      <
libhepmcfio-dev						      <
libhepmcfio4:amd64					      <
libhtml-wikiconverter-wikkawiki-perl			      <
libhud-client2-doc					      <
libhugs-alut-bundled					      <
libhugs-cabal-bundled					      <
libhugs-fgl-bundled					      <
libhugs-glut-bundled					      <
libhugs-haskell-src-bundled				      <
libhugs-haxml-bundled					      <
libhugs-hgl-bundled					      <
libhugs-hunit-bundled					      <
libhugs-mtl-bundled					      <
libhugs-network-bundled					      <
libhugs-openal-bundled					      <
libhugs-opengl-bundled					      <
libhugs-parsec-bundled					      <
libhugs-quickcheck-bundled				      <
libhugs-stm-bundled					      <
libhugs-time-bundled					      <
libhugs-unix-bundled					      <
libhugs-x11-bundled					      <
libhugs-xhtml-bundled					      <
libhwloc-plugins					      <
libid3-tools						      <
libinternals-perl					      <
libio-compress-lzma-perl				      <
libjs-codemirror					      <
libjs-json						      <
libjs-yui3-common					      <
libjsf-impl-java					      <
liblablgtk2-ocaml-doc					      <
liblinear-tools						      <
liblinux-io-prio-perl					      <
liblwt-ocaml-doc					      <
libmail-pop3client-perl					      <
libmail-spf-perl					      <
libmatrixssl1.8-doc					      <
libmessage-passing-zeromq-perl				      <
libmlpost-ocaml-doc					      <
libmlt-data						      <
libmojo-server-fastcgi-perl				      <
libmono-profiler-gui-thread-check			      <
libmoox-handlesvia-perl					      <
libmtp-runtime						      <
libmx-bin						      <
libnewlib-arm-none-eabi					      <
libnewlib-dev						      <
libnss-mdns:amd64					      <
libnss-sss:amd64					      <
libocamlnet-ocaml-doc					      <
libopendbx1-sqlite3					      <
libopenni-sensor-pointclouds0				      <
libopenvas2-dev						      <
libopenvasnasl2-dev					      <
libpam-ck-connector:amd64				      <
libpam-pwquality:amd64					      <
libpam-sss:amd64					      <
libpanel-applet-4-doc					      <
libpar-packer-perl					      <
libperlbal-xs-httpheaders-perl				      <
libperlx-maybe-xs-perl					      <
libphone-ui-shr-data					      <
libplotmm-doc						      <
libplplot-lua						      <
libplplot-ocaml						      <
libpod-latex-perl					      <
libprocess-cpp-doc					      <
libproperties-cpp-doc					      <
libpurple-bin						      <
libqof2-backend-qsf:amd64				      <
libqt4-declarative-gestures:amd64			      <
libqt4-opengl-dev					      <
libqt5opengl5-dev:amd64					      <
libraw1394-tools					      <
libreoffice-gnome					      <
libreoffice-gtk						      <
libreoffice-pdfimport					      <
libreoffice-sdbc-firebird				      <
libreoffice-sdbc-hsqldb					      <
libreoffice-style-human					      <
libroar-plugins-universal				      <
libsac-java-gcj						      <
libsasl2-modules-gssapi-mit:amd64			      <
libsdl-mixer1.2-dev:amd64				      <
libsdl1.2-dev						      <
libsocialweb-service					      <
libspring-instrument-java				      <
libspring-oxm-java					      <
libspring-security-2.0-java-doc				      <
libsss-sudo						      <
libsugarext-data					      <
libsword-utils						      <
libswt-glx-gtk-3-jni					      <
libswt-gnome-gtk-3-jni					      <
libsyntax-highlight-engine-simple-languages-perl	      <
libt1-doc						      <
libtommath-docs						      <
libtritonus-jni						      <
libunique-3.0-doc					      <
libusb-1.0-doc						      <
libvisual-0.4-plugins:amd64				      <
libvte-2.90-doc						      <
libvte-doc						      <
libxfce4util-bin					      <
libxine2-doc						      <
libzeroc-ice35-dbg					      <
libzookeeper-java-doc					      <
lightdm							      <
lightdm-kde-greeter					      <
linux-image-3.13.0-49-generic				      <
linux-image-extra-3.13.0-49-generic			      <
linux-sound-base					      <
lksctp-tools						      <
lua-sql-sqlite3:amd64					      <
mafft							      <
malaga-doc						      <
maq							      <
marble-plugins						      <
mayavi2							      <
media-player-info					      <
mikmod							      <
milkytracker						      <
mjpegtools-gtk						      <
mlocate							      <
modemmanager						      <
monotone-extras						      <
mousetweaks						      <
mpg123							      <
mpich							      <
msp430-libc						      <
msr-tools						      <
muroard							      <
muscle							      <
musescore-soundfont-gm					      <
ncbi-tools-bin						      <
nemo-keyboard						      <
nip2							      <
node-gyp						      <
nodejs-dev						      <
notification-daemon					      <
nvidia-cuda-doc						      <
nvidia-cuda-gdb						      <
nvidia-opencl-icd-331					      <
nvidia-visual-profiler					      <
obconf							      <
omake-doc						      <
opencubicplayer						      <
opencubicplayer-doc					      <
opencv-data						      <
openhpid						      <
openni-utils						      <
openvanilla-imgeneric-data-all				      <
openvanilla-imgeneric-data-ja				      <
openvanilla-imgeneric-data-ko				      <
openvanilla-imgeneric-data-th				      <
openvanilla-imgeneric-data-vi				      <
openvanilla-imgeneric-data-zh-cn			      <
openvanilla-imgeneric-data-zh-hk			      <
openvanilla-imgeneric-data-zh-tw			      <
openvas-plugins-base					      <
openvas-plugins-dfsg					      <
os-prober						      <
osspd							      <
osspd-pulseaudio					      <
packagekit-tools					      <
paraview-doc						      <
paraview-python						      <
pari-doc						      <
pari-elldata						      <
pari-galdata						      <
pari-seadata						      <
pbzip2							      <
pdf2djvu						      <
perlmagick						      <
php-auth-sasl						      <
php-invoker						      <
php-zeroc-ice						      <
php5-gd							      <
php5-memcache						      <
php5-readline						      <
php5-xdebug						      <
phpunit-story						      <
phyml							      <
pidgin-libnotify					      <
pinentry-qt4						      <
plasma-active-settings					      <
plasma-active-webbrowser				      <
plasma-desktop						      <
plasma-widget-message-indicator				      <
polygen-data						      <
prboom-plus						      <
printer-driver-gutenprint				      <
probalign						      <
probcons						      <
projectcenter.app					      <
pulseaudio-module-x11					      <
puredata						      <
puredata-gui						      <
pyro							      <
python-alsaaudio					      <
python-apptools						      <
python-audit						      <
python-autopilot-trace					      <
python-autopilot-vis					      <
python-avogadro						      <
python-bson-ext						      <
python-cliff-doc					      <
python-cups						      <
python-cupshelpers					      <
python-debianbts					      <
python-dicom						      <
python-envisage						      <
python-fudge-doc					      <
python-gnome2-doc					      <
python-lhapdf						      <
python-mdp						      <
python-omniorb-omg					      <
python-pyexiv2-doc					      <
python-pyface						      <
python-pymongo-ext					      <
python-pysnmp4-apps					      <
python-pysnmp4-mibs					      <
python-renderpm						      <
python-rope						      <
python-scgi						      <
python-secretstorage					      <
python-smbc						      <
python-statsmodels					      <
python-statsmodels-lib					      <
python-svn						      <
python-traitsui						      <
python-wheel						      <
python-zeitgeist					      <
python-zope.browsermenu					      <
python3-apparmor-click					      <
python3-autopilot-trace					      <
python3-html5lib					      <
python3-imaging						      <
python3-software-properties				      <
python3-tables-lib					      <
python3-wheel						      <
python3-zeroc-ice					      <
qapt-batch						      <
qpdf							      <
qt4-doc							      <
qt5-default:amd64					      <
qtbase5-dev:amd64					      <
qtbase5-private-dev:amd64				      <
qtcreator-doc						      <
qtcreator-plugin-qnx:amd64				      <
qtcreator-plugin-valgrind:amd64				      <
qtdeclarative5-dev					      <
qtdeclarative5-private-dev				      <
qthid-fcd-controller					      <
qtsystems5-dev						      <
quickly-ubuntu-template					      <
r-base-html						      <
r-cran-mapproj						      <
r-cran-misc3d						      <
r-cran-rgl						      <
r-doc-html						      <
racket-doc						      <
renaissance-doc						      <
rep-doc							      <
resolvconf						      <
roarclients						      <
rtkit							      <
ruby-dataobjects-mysql					      <
ruby-dataobjects-postgres				      <
ruby-dataobjects-sqlite3				      <
ruby-html2haml						      <
ruby-libvirt						      <
ruby-sequel-pg						      <
ruby-zeroc-ice						      <
sa-compile						      <
samtools						      <
schism							      <
schroot							      <
schroot-common						      <
scilab-sivp						      <
seahorse						      <
secureboot-db						      <
selinux-policy-default					      <
setools							      <
signon-keyring-extension				      <
sim4							      <
snmp							      <
software-properties-common				      <
sphinx-doc						      <
ssh-import-id						      <
sssd							      <
sssd-ad							      <
sssd-ad-common						      <
sssd-ipa						      <
sssd-krb5						      <
sssd-krb5-common					      <
sssd-ldap						      <
sssd-proxy						      <
stk							      <
suckless-tools						      <
sunpinyin-data						      <
surf							      <
swath							      <
sweethome3d-furniture					      <
system-config-printer-common				      <
system-config-printer-gnome				      <
system-config-printer-udev				      <
systemsettings						      <
t-coffee						      <
telepathy-gabble					      <
telepathy-salut						      <
tigr-glimmer						      <
timidity-daemon						      <
tntnet-runtime						      <
tomcat7							      <
tomcat7-common						      <
tor-geoipdb						      <
tth-common						      <
ubuntu-location-service-doc				      <
ubuntu-location-service-examples:amd64			      <
uhd-host						      <
uisp							      <
unattended-upgrades					      <
unity-settings-daemon					      <
unmo3							      <
upstart-app-launch-tools				      <
ureadahead						      <
usb-modeswitch						      <
usb-modeswitch-data					      <
vbetool							      <
vim-addon-manager					      <
virtuoso-minimal					      <
virtuoso-opensource-6.1-bin				      <
webkit-image-gtk					      <
wordnet-gui						      <
xchat							      <
xchat-gnome-indicator					      <
xchat-indicator						      <
xfig-libs						      <
xfonts-mathml						      <
xiphos							      <
xiphos-data						      <
xplanet-images						      <
xserver-xorg						      <
xserver-xorg-input-all					      <
xserver-xorg-input-mouse				      <
xserver-xorg-video-all					      <
xserver-xorg-video-ati					      <
xserver-xorg-video-cirrus				      <
xserver-xorg-video-fbdev				      <
xserver-xorg-video-glamoregl				      <
xserver-xorg-video-intel				      <
xserver-xorg-video-mach64				      <
xserver-xorg-video-mga					      <
xserver-xorg-video-modesetting				      <
xserver-xorg-video-neomagic				      <
xserver-xorg-video-nouveau				      <
xserver-xorg-video-openchrome				      <
xserver-xorg-video-qxl					      <
xserver-xorg-video-r128					      <
xserver-xorg-video-radeon				      <
xserver-xorg-video-s3					      <
xserver-xorg-video-savage				      <
xserver-xorg-video-siliconmotion			      <
xserver-xorg-video-sis					      <
xserver-xorg-video-sisusb				      <
xserver-xorg-video-tdfx					      <
xserver-xorg-video-trident				      <
xserver-xorg-video-vesa					      <
xserver-xorg-video-vmware				      <
zeitgeist						      <
zeitgeist-datahub					      <
